0 info it worked if it ends with ok
1 verbose cli [ '/usr/local/bin/node', '/usr/local/bin/npm', 'install' ]
2 info using npm@3.10.10
3 info using node@v6.11.2
4 silly loadCurrentTree Starting
5 silly install loadCurrentTree
6 silly install readLocalPackageData
7 silly install normalizeTree
8 silly loadCurrentTree Finishing
9 silly loadIdealTree Starting
10 silly install loadIdealTree
11 silly cloneCurrentTree Starting
12 silly install cloneCurrentTreeToIdealTree
13 silly cloneCurrentTree Finishing
14 silly loadShrinkwrap Starting
15 silly install loadShrinkwrap
16 silly loadShrinkwrap Finishing
17 silly loadAllDepsIntoIdealTree Starting
18 silly install loadAllDepsIntoIdealTree
19 silly fetchNamedPackageData typescript
20 silly mapToRegistry name typescript
21 silly mapToRegistry using default registry
22 silly mapToRegistry registry https://registry.npmjs.org/
23 silly mapToRegistry data Result {
23 silly mapToRegistry   raw: 'typescript',
23 silly mapToRegistry   scope: null,
23 silly mapToRegistry   escapedName: 'typescript',
23 silly mapToRegistry   name: 'typescript',
23 silly mapToRegistry   rawSpec: '',
23 silly mapToRegistry   spec: 'latest',
23 silly mapToRegistry   type: 'tag' }
24 silly mapToRegistry uri https://registry.npmjs.org/typescript
25 silly fetchNamedPackageData vscode
26 silly mapToRegistry name vscode
27 silly mapToRegistry using default registry
28 silly mapToRegistry registry https://registry.npmjs.org/
29 silly mapToRegistry data Result {
29 silly mapToRegistry   raw: 'vscode',
29 silly mapToRegistry   scope: null,
29 silly mapToRegistry   escapedName: 'vscode',
29 silly mapToRegistry   name: 'vscode',
29 silly mapToRegistry   rawSpec: '',
29 silly mapToRegistry   spec: 'latest',
29 silly mapToRegistry   type: 'tag' }
30 silly mapToRegistry uri https://registry.npmjs.org/vscode
31 silly fetchNamedPackageData mocha
32 silly mapToRegistry name mocha
33 silly mapToRegistry using default registry
34 silly mapToRegistry registry https://registry.npmjs.org/
35 silly mapToRegistry data Result {
35 silly mapToRegistry   raw: 'mocha',
35 silly mapToRegistry   scope: null,
35 silly mapToRegistry   escapedName: 'mocha',
35 silly mapToRegistry   name: 'mocha',
35 silly mapToRegistry   rawSpec: '',
35 silly mapToRegistry   spec: 'latest',
35 silly mapToRegistry   type: 'tag' }
36 silly mapToRegistry uri https://registry.npmjs.org/mocha
37 silly fetchNamedPackageData @types/node
38 silly mapToRegistry name @types/node
39 silly mapToRegistry scope (from package name) @types
40 verbose mapToRegistry no registry URL found in name for scope @types
41 silly mapToRegistry using default registry
42 silly mapToRegistry registry https://registry.npmjs.org/
43 silly mapToRegistry data Result {
43 silly mapToRegistry   raw: '@types/node',
43 silly mapToRegistry   scope: '@types',
43 silly mapToRegistry   escapedName: '@types%2fnode',
43 silly mapToRegistry   name: '@types/node',
43 silly mapToRegistry   rawSpec: '',
43 silly mapToRegistry   spec: 'latest',
43 silly mapToRegistry   type: 'tag' }
44 silly mapToRegistry uri https://registry.npmjs.org/@types%2fnode
45 silly fetchNamedPackageData @types/mocha
46 silly mapToRegistry name @types/mocha
47 silly mapToRegistry scope (from package name) @types
48 verbose mapToRegistry no registry URL found in name for scope @types
49 silly mapToRegistry using default registry
50 silly mapToRegistry registry https://registry.npmjs.org/
51 silly mapToRegistry data Result {
51 silly mapToRegistry   raw: '@types/mocha',
51 silly mapToRegistry   scope: '@types',
51 silly mapToRegistry   escapedName: '@types%2fmocha',
51 silly mapToRegistry   name: '@types/mocha',
51 silly mapToRegistry   rawSpec: '',
51 silly mapToRegistry   spec: 'latest',
51 silly mapToRegistry   type: 'tag' }
52 silly mapToRegistry uri https://registry.npmjs.org/@types%2fmocha
53 verbose request uri https://registry.npmjs.org/vscode
54 verbose request no auth needed
55 info attempt registry request try #1 at 10:48:14 PM
56 verbose request id 07075c9e4360bac2
57 verbose etag W/"5966fd26-20a7e"
58 verbose lastModified Thu, 13 Jul 2017 04:55:02 GMT
59 http request GET https://registry.npmjs.org/vscode
60 verbose request uri https://registry.npmjs.org/@types%2fnode
61 verbose request no auth needed
62 info attempt registry request try #1 at 10:48:14 PM
63 verbose etag W/"5980cf35-2cdb6"
64 verbose lastModified Tue, 01 Aug 2017 18:57:57 GMT
65 http request GET https://registry.npmjs.org/@types%2fnode
66 verbose request uri https://registry.npmjs.org/mocha
67 verbose request no auth needed
68 info attempt registry request try #1 at 10:48:14 PM
69 verbose etag W/"5982c08e-ad13a"
70 verbose lastModified Thu, 03 Aug 2017 06:19:58 GMT
71 http request GET https://registry.npmjs.org/mocha
72 verbose request uri https://registry.npmjs.org/@types%2fmocha
73 verbose request no auth needed
74 info attempt registry request try #1 at 10:48:14 PM
75 verbose etag W/"59401dda-6769"
76 verbose lastModified Tue, 13 Jun 2017 17:16:10 GMT
77 http request GET https://registry.npmjs.org/@types%2fmocha
78 verbose request uri https://registry.npmjs.org/typescript
79 verbose request no auth needed
80 info attempt registry request try #1 at 10:48:14 PM
81 verbose etag W/"59839227-1b5af1"
82 verbose lastModified Thu, 03 Aug 2017 21:14:15 GMT
83 http request GET https://registry.npmjs.org/typescript
84 http 304 https://registry.npmjs.org/typescript
85 verbose headers { date: 'Sat, 05 Aug 2017 05:48:15 GMT',
85 verbose headers   via: '1.1 varnish',
85 verbose headers   'cache-control': 'max-age=300',
85 verbose headers   etag: 'W/"59839227-1b5af1"',
85 verbose headers   age: '237',
85 verbose headers   connection: 'keep-alive',
85 verbose headers   'x-served-by': 'cache-sjc3134-SJC',
85 verbose headers   'x-cache': 'HIT',
85 verbose headers   'x-cache-hits': '2',
85 verbose headers   'x-timer': 'S1501912096.798758,VS0,VE0',
85 verbose headers   vary: 'Accept-Encoding, Accept' }
86 silly get cb [ 304,
86 silly get   { date: 'Sat, 05 Aug 2017 05:48:15 GMT',
86 silly get     via: '1.1 varnish',
86 silly get     'cache-control': 'max-age=300',
86 silly get     etag: 'W/"59839227-1b5af1"',
86 silly get     age: '237',
86 silly get     connection: 'keep-alive',
86 silly get     'x-served-by': 'cache-sjc3134-SJC',
86 silly get     'x-cache': 'HIT',
86 silly get     'x-cache-hits': '2',
86 silly get     'x-timer': 'S1501912096.798758,VS0,VE0',
86 silly get     vary: 'Accept-Encoding, Accept' } ]
87 verbose etag https://registry.npmjs.org/typescript from cache
88 verbose get saving typescript to /Users/mortenjust/.npm/registry.npmjs.org/typescript/.cache.json
89 verbose correctMkdir /Users/mortenjust/.npm correctMkdir not in flight; initializing
90 silly resolveWithNewModule typescript@2.4.2 checking installable status
91 silly cache add args [ 'typescript@^2.0.3', null ]
92 verbose cache add spec typescript@^2.0.3
93 silly cache add parsed spec Result {
93 silly cache add   raw: 'typescript@^2.0.3',
93 silly cache add   scope: null,
93 silly cache add   escapedName: 'typescript',
93 silly cache add   name: 'typescript',
93 silly cache add   rawSpec: '^2.0.3',
93 silly cache add   spec: '>=2.0.3 <3.0.0',
93 silly cache add   type: 'range' }
94 silly addNamed typescript@>=2.0.3 <3.0.0
95 verbose addNamed ">=2.0.3 <3.0.0" is a valid semver range for typescript
96 silly addNameRange { name: 'typescript', range: '>=2.0.3 <3.0.0', hasData: false }
97 silly mapToRegistry name typescript
98 silly mapToRegistry using default registry
99 silly mapToRegistry registry https://registry.npmjs.org/
100 silly mapToRegistry data Result {
100 silly mapToRegistry   raw: 'typescript',
100 silly mapToRegistry   scope: null,
100 silly mapToRegistry   escapedName: 'typescript',
100 silly mapToRegistry   name: 'typescript',
100 silly mapToRegistry   rawSpec: '',
100 silly mapToRegistry   spec: 'latest',
100 silly mapToRegistry   type: 'tag' }
101 silly mapToRegistry uri https://registry.npmjs.org/typescript
102 verbose addNameRange registry:https://registry.npmjs.org/typescript not in flight; fetching
103 http 304 https://registry.npmjs.org/vscode
104 verbose headers { date: 'Sat, 05 Aug 2017 05:48:15 GMT',
104 verbose headers   via: '1.1 varnish',
104 verbose headers   'cache-control': 'max-age=300',
104 verbose headers   etag: 'W/"5966fd26-20a7e"',
104 verbose headers   age: '202',
104 verbose headers   connection: 'keep-alive',
104 verbose headers   'x-served-by': 'cache-sjc3625-SJC',
104 verbose headers   'x-cache': 'HIT',
104 verbose headers   'x-cache-hits': '1',
104 verbose headers   'x-timer': 'S1501912096.804268,VS0,VE1',
104 verbose headers   vary: 'Accept-Encoding, Accept' }
105 silly get cb [ 304,
105 silly get   { date: 'Sat, 05 Aug 2017 05:48:15 GMT',
105 silly get     via: '1.1 varnish',
105 silly get     'cache-control': 'max-age=300',
105 silly get     etag: 'W/"5966fd26-20a7e"',
105 silly get     age: '202',
105 silly get     connection: 'keep-alive',
105 silly get     'x-served-by': 'cache-sjc3625-SJC',
105 silly get     'x-cache': 'HIT',
105 silly get     'x-cache-hits': '1',
105 silly get     'x-timer': 'S1501912096.804268,VS0,VE1',
105 silly get     vary: 'Accept-Encoding, Accept' } ]
106 verbose etag https://registry.npmjs.org/vscode from cache
107 verbose get saving vscode to /Users/mortenjust/.npm/registry.npmjs.org/vscode/.cache.json
108 verbose correctMkdir /Users/mortenjust/.npm correctMkdir not in flight; initializing
109 http 304 https://registry.npmjs.org/mocha
110 verbose headers { date: 'Sat, 05 Aug 2017 05:48:15 GMT',
110 verbose headers   via: '1.1 varnish',
110 verbose headers   'cache-control': 'max-age=300',
110 verbose headers   etag: 'W/"5982c08e-ad13a"',
110 verbose headers   age: '0',
110 verbose headers   connection: 'keep-alive',
110 verbose headers   'x-served-by': 'cache-sjc3139-SJC',
110 verbose headers   'x-cache': 'HIT',
110 verbose headers   'x-cache-hits': '1',
110 verbose headers   'x-timer': 'S1501912096.804169,VS0,VE20',
110 verbose headers   vary: 'Accept-Encoding, Accept' }
111 silly get cb [ 304,
111 silly get   { date: 'Sat, 05 Aug 2017 05:48:15 GMT',
111 silly get     via: '1.1 varnish',
111 silly get     'cache-control': 'max-age=300',
111 silly get     etag: 'W/"5982c08e-ad13a"',
111 silly get     age: '0',
111 silly get     connection: 'keep-alive',
111 silly get     'x-served-by': 'cache-sjc3139-SJC',
111 silly get     'x-cache': 'HIT',
111 silly get     'x-cache-hits': '1',
111 silly get     'x-timer': 'S1501912096.804169,VS0,VE20',
111 silly get     vary: 'Accept-Encoding, Accept' } ]
112 verbose etag https://registry.npmjs.org/mocha from cache
113 verbose get saving mocha to /Users/mortenjust/.npm/registry.npmjs.org/mocha/.cache.json
114 verbose correctMkdir /Users/mortenjust/.npm correctMkdir not in flight; initializing
115 verbose get https://registry.npmjs.org/typescript not expired, no request
116 silly addNameRange number 2 { name: 'typescript', range: '>=2.0.3 <3.0.0', hasData: true }
117 silly addNameRange versions [ 'typescript',
117 silly addNameRange   [ '0.8.0',
117 silly addNameRange     '0.8.1',
117 silly addNameRange     '0.8.1-1',
117 silly addNameRange     '0.8.2',
117 silly addNameRange     '0.8.3',
117 silly addNameRange     '0.9.0',
117 silly addNameRange     '0.9.0-1',
117 silly addNameRange     '0.9.1',
117 silly addNameRange     '0.9.1-1',
117 silly addNameRange     '0.9.5',
117 silly addNameRange     '0.9.7',
117 silly addNameRange     '1.0.0',
117 silly addNameRange     '1.0.1',
117 silly addNameRange     '1.1.0-1',
117 silly addNameRange     '1.3.0',
117 silly addNameRange     '1.4.1',
117 silly addNameRange     '1.5.0-alpha',
117 silly addNameRange     '1.5.0-beta',
117 silly addNameRange     '1.5.3',
117 silly addNameRange     '1.6.0-dev.20150722.1',
117 silly addNameRange     '1.6.0-dev.20150723',
117 silly addNameRange     '1.6.0-dev.20150724',
117 silly addNameRange     '1.6.0-dev.20150725',
117 silly addNameRange     '1.6.0-dev.20150726',
117 silly addNameRange     '1.6.0-dev.20150727',
117 silly addNameRange     '1.6.0-dev.20150728',
117 silly addNameRange     '1.6.0-dev.20150729',
117 silly addNameRange     '1.6.0-dev.20150730',
117 silly addNameRange     '1.6.0-dev.20150731',
117 silly addNameRange     '1.6.0-dev.20150801',
117 silly addNameRange     '1.6.0-dev.20150802',
117 silly addNameRange     '1.6.0-dev.20150803',
117 silly addNameRange     '1.6.0-dev.20150804',
117 silly addNameRange     '1.6.0-dev.20150805',
117 silly addNameRange     '1.6.0-dev.20150806',
117 silly addNameRange     '1.6.0-dev.20150807',
117 silly addNameRange     '1.6.0-dev.20150808',
117 silly addNameRange     '1.6.0-dev.20150809',
117 silly addNameRange     '1.6.0-dev.20150810',
117 silly addNameRange     '1.6.0-dev.20150811',
117 silly addNameRange     '1.6.0-dev.20150812',
117 silly addNameRange     '1.6.0-dev.20150813',
117 silly addNameRange     '1.6.0-dev.20150814',
117 silly addNameRange     '1.6.0-dev.20150815',
117 silly addNameRange     '1.6.0-dev.20150816',
117 silly addNameRange     '1.6.0-dev.20150817',
117 silly addNameRange     '1.6.0-dev.20150818',
117 silly addNameRange     '1.6.0-dev.20150819',
117 silly addNameRange     '1.6.0-dev.20150820',
117 silly addNameRange     '1.6.0-dev.20150821',
117 silly addNameRange     '1.6.0-dev.20150822',
117 silly addNameRange     '1.6.0-dev.20150823',
117 silly addNameRange     '1.6.0-dev.20150824',
117 silly addNameRange     '1.6.0-dev.20150825',
117 silly addNameRange     '1.7.0-dev.20150826',
117 silly addNameRange     '1.7.0-dev.20150827',
117 silly addNameRange     '1.7.0-dev.20150828',
117 silly addNameRange     '1.7.0-dev.20150829',
117 silly addNameRange     '1.7.0-dev.20150830',
117 silly addNameRange     '1.7.0-dev.20150831',
117 silly addNameRange     '1.7.0-dev.20150901',
117 silly addNameRange     '1.7.0-dev.20150902',
117 silly addNameRange     '1.6.0-beta',
117 silly addNameRange     '1.7.0-dev.20150903',
117 silly addNameRange     '1.7.0-dev.20150904',
117 silly addNameRange     '1.6.0-dev.20150905',
117 silly addNameRange     '1.6.0-dev.20150906',
117 silly addNameRange     '1.6.0-dev.20150907',
117 silly addNameRange     '1.6.0-dev.20150908',
117 silly addNameRange     '1.6.0-dev.20150909',
117 silly addNameRange     '1.6.0-dev.20150910',
117 silly addNameRange     '1.6.0-dev.20150911',
117 silly addNameRange     '1.6.0-dev.20150912',
117 silly addNameRange     '1.6.0-dev.20150913',
117 silly addNameRange     '1.6.0-dev.20150914',
117 silly addNameRange     '1.6.0-dev.20150915',
117 silly addNameRange     '1.7.0-dev.20150916',
117 silly addNameRange     '1.6.2',
117 silly addNameRange     '1.7.0-dev.20150917',
117 silly addNameRange     '1.7.0-dev.20150918',
117 silly addNameRange     '1.7.0-dev.20150919',
117 silly addNameRange     '1.7.0-dev.20150920',
117 silly addNameRange     '1.7.0-dev.20150921',
117 silly addNameRange     '1.7.0-dev.20150922',
117 silly addNameRange     '1.7.0-dev.20150923',
117 silly addNameRange     '1.7.0-dev.20150924',
117 silly addNameRange     '1.7.0-dev.20150925',
117 silly addNameRange     '1.7.0-dev.20150926',
117 silly addNameRange     '1.7.0-dev.20150927',
117 silly addNameRange     '1.7.0-dev.20150928',
117 silly addNameRange     '1.7.0-dev.20150929',
117 silly addNameRange     '1.7.0-dev.20150930',
117 silly addNameRange     '1.7.0-dev.20151001',
117 silly addNameRange     '1.7.0-dev.20151002',
117 silly addNameRange     '1.7.0-dev.20151003',
117 silly addNameRange     '1.7.0-dev.20151004',
117 silly addNameRange     '1.7.0-dev.20151005',
117 silly addNameRange     '1.7.0-dev.20151006',
117 silly addNameRange     '1.7.0-dev.20151014',
117 silly addNameRange     '1.7.0-dev.20151015',
117 silly addNameRange     ... 668 more items ] ]
118 silly addNamed typescript@2.4.2
119 verbose addNamed "2.4.2" is a plain semver version for typescript
120 silly cache afterAdd typescript@2.4.2
121 verbose afterAdd /Users/mortenjust/.npm/typescript/2.4.2/package/package.json not in flight; writing
122 verbose correctMkdir /Users/mortenjust/.npm correctMkdir not in flight; initializing
123 silly fetchNamedPackageData No valid target from cache, forcing network
124 verbose request uri https://registry.npmjs.org/vscode
125 verbose request no auth needed
126 info attempt registry request try #1 at 10:48:14 PM
127 http request GET https://registry.npmjs.org/vscode
128 silly resolveWithNewModule mocha@2.5.3 checking installable status
129 silly cache add args [ 'mocha@^2.3.3', null ]
130 verbose cache add spec mocha@^2.3.3
131 silly cache add parsed spec Result {
131 silly cache add   raw: 'mocha@^2.3.3',
131 silly cache add   scope: null,
131 silly cache add   escapedName: 'mocha',
131 silly cache add   name: 'mocha',
131 silly cache add   rawSpec: '^2.3.3',
131 silly cache add   spec: '>=2.3.3 <3.0.0',
131 silly cache add   type: 'range' }
132 silly addNamed mocha@>=2.3.3 <3.0.0
133 verbose addNamed ">=2.3.3 <3.0.0" is a valid semver range for mocha
134 silly addNameRange { name: 'mocha', range: '>=2.3.3 <3.0.0', hasData: false }
135 silly mapToRegistry name mocha
136 silly mapToRegistry using default registry
137 silly mapToRegistry registry https://registry.npmjs.org/
138 silly mapToRegistry data Result {
138 silly mapToRegistry   raw: 'mocha',
138 silly mapToRegistry   scope: null,
138 silly mapToRegistry   escapedName: 'mocha',
138 silly mapToRegistry   name: 'mocha',
138 silly mapToRegistry   rawSpec: '',
138 silly mapToRegistry   spec: 'latest',
138 silly mapToRegistry   type: 'tag' }
139 silly mapToRegistry uri https://registry.npmjs.org/mocha
140 verbose addNameRange registry:https://registry.npmjs.org/mocha not in flight; fetching
141 http 304 https://registry.npmjs.org/@types%2fmocha
142 verbose headers { date: 'Sat, 05 Aug 2017 05:48:15 GMT',
142 verbose headers   via: '1.1 varnish',
142 verbose headers   'cache-control': 'max-age=0',
142 verbose headers   etag: 'W/"59401dda-6769"',
142 verbose headers   age: '0',
142 verbose headers   connection: 'keep-alive',
142 verbose headers   'x-served-by': 'cache-sjc3635-SJC',
142 verbose headers   'x-cache': 'MISS',
142 verbose headers   'x-cache-hits': '0',
142 verbose headers   'x-timer': 'S1501912096.804640,VS0,VE131',
142 verbose headers   vary: 'Accept-Encoding' }
143 silly get cb [ 304,
143 silly get   { date: 'Sat, 05 Aug 2017 05:48:15 GMT',
143 silly get     via: '1.1 varnish',
143 silly get     'cache-control': 'max-age=0',
143 silly get     etag: 'W/"59401dda-6769"',
143 silly get     age: '0',
143 silly get     connection: 'keep-alive',
143 silly get     'x-served-by': 'cache-sjc3635-SJC',
143 silly get     'x-cache': 'MISS',
143 silly get     'x-cache-hits': '0',
143 silly get     'x-timer': 'S1501912096.804640,VS0,VE131',
143 silly get     vary: 'Accept-Encoding' } ]
144 verbose etag https://registry.npmjs.org/@types%2fmocha from cache
145 verbose get saving @types/mocha to /Users/mortenjust/.npm/registry.npmjs.org/_40types_252fmocha/.cache.json
146 verbose correctMkdir /Users/mortenjust/.npm correctMkdir not in flight; initializing
147 http 304 https://registry.npmjs.org/@types%2fnode
148 verbose headers { date: 'Sat, 05 Aug 2017 05:48:15 GMT',
148 verbose headers   via: '1.1 varnish',
148 verbose headers   'cache-control': 'max-age=0',
148 verbose headers   etag: 'W/"5980cf35-2cdb6"',
148 verbose headers   age: '0',
148 verbose headers   connection: 'keep-alive',
148 verbose headers   'x-served-by': 'cache-sjc3149-SJC',
148 verbose headers   'x-cache': 'MISS',
148 verbose headers   'x-cache-hits': '0',
148 verbose headers   'x-timer': 'S1501912096.798635,VS0,VE158',
148 verbose headers   vary: 'Accept-Encoding' }
149 silly get cb [ 304,
149 silly get   { date: 'Sat, 05 Aug 2017 05:48:15 GMT',
149 silly get     via: '1.1 varnish',
149 silly get     'cache-control': 'max-age=0',
149 silly get     etag: 'W/"5980cf35-2cdb6"',
149 silly get     age: '0',
149 silly get     connection: 'keep-alive',
149 silly get     'x-served-by': 'cache-sjc3149-SJC',
149 silly get     'x-cache': 'MISS',
149 silly get     'x-cache-hits': '0',
149 silly get     'x-timer': 'S1501912096.798635,VS0,VE158',
149 silly get     vary: 'Accept-Encoding' } ]
150 verbose etag https://registry.npmjs.org/@types%2fnode from cache
151 verbose get saving @types/node to /Users/mortenjust/.npm/registry.npmjs.org/_40types_252fnode/.cache.json
152 verbose correctMkdir /Users/mortenjust/.npm correctMkdir not in flight; initializing
153 verbose get https://registry.npmjs.org/mocha not expired, no request
154 silly addNameRange number 2 { name: 'mocha', range: '>=2.3.3 <3.0.0', hasData: true }
155 silly addNameRange versions [ 'mocha',
155 silly addNameRange   [ '0.0.1-alpha1',
155 silly addNameRange     '0.0.1-alpha2',
155 silly addNameRange     '0.0.1-alpha3',
155 silly addNameRange     '0.0.1-alpha4',
155 silly addNameRange     '0.0.1-alpha5',
155 silly addNameRange     '0.0.1-alpha6',
155 silly addNameRange     '0.0.1',
155 silly addNameRange     '0.0.2',
155 silly addNameRange     '0.0.3',
155 silly addNameRange     '0.0.4',
155 silly addNameRange     '0.0.5',
155 silly addNameRange     '0.0.6',
155 silly addNameRange     '0.0.7',
155 silly addNameRange     '0.0.8',
155 silly addNameRange     '0.1.0',
155 silly addNameRange     '0.2.0',
155 silly addNameRange     '0.3.0',
155 silly addNameRange     '0.3.1',
155 silly addNameRange     '0.3.2',
155 silly addNameRange     '0.3.3',
155 silly addNameRange     '0.3.4',
155 silly addNameRange     '0.3.6',
155 silly addNameRange     '0.4.0',
155 silly addNameRange     '0.5.0',
155 silly addNameRange     '0.6.0',
155 silly addNameRange     '0.7.0',
155 silly addNameRange     '0.7.1',
155 silly addNameRange     '0.8.0',
155 silly addNameRange     '0.8.1',
155 silly addNameRange     '0.9.0',
155 silly addNameRange     '0.10.0',
155 silly addNameRange     '0.10.1',
155 silly addNameRange     '0.10.2',
155 silly addNameRange     '0.11.0',
155 silly addNameRange     '0.12.0',
155 silly addNameRange     '0.12.1',
155 silly addNameRange     '0.13.0',
155 silly addNameRange     '0.14.0',
155 silly addNameRange     '0.14.1',
155 silly addNameRange     '1.0.0',
155 silly addNameRange     '1.0.1',
155 silly addNameRange     '1.0.2',
155 silly addNameRange     '1.0.3',
155 silly addNameRange     '1.1.0',
155 silly addNameRange     '1.2.0',
155 silly addNameRange     '1.2.1',
155 silly addNameRange     '1.2.2',
155 silly addNameRange     '1.3.0',
155 silly addNameRange     '1.3.1',
155 silly addNameRange     '1.3.2',
155 silly addNameRange     '1.4.0',
155 silly addNameRange     '1.4.1',
155 silly addNameRange     '1.4.2',
155 silly addNameRange     '1.4.3',
155 silly addNameRange     '1.5.0',
155 silly addNameRange     '1.6.0',
155 silly addNameRange     '1.7.0',
155 silly addNameRange     '1.7.1',
155 silly addNameRange     '1.7.2',
155 silly addNameRange     '1.7.3',
155 silly addNameRange     '1.7.4',
155 silly addNameRange     '1.8.0',
155 silly addNameRange     '1.8.1',
155 silly addNameRange     '1.8.2',
155 silly addNameRange     '1.9.0',
155 silly addNameRange     '1.10.0',
155 silly addNameRange     '1.11.0',
155 silly addNameRange     '1.12.0',
155 silly addNameRange     '1.12.1',
155 silly addNameRange     '1.13.0',
155 silly addNameRange     '1.14.0',
155 silly addNameRange     '1.15.0',
155 silly addNameRange     '1.15.1',
155 silly addNameRange     '1.16.0',
155 silly addNameRange     '1.16.1',
155 silly addNameRange     '1.16.2',
155 silly addNameRange     '1.17.0',
155 silly addNameRange     '1.17.1',
155 silly addNameRange     '1.18.0',
155 silly addNameRange     '1.18.1',
155 silly addNameRange     '1.18.2',
155 silly addNameRange     '1.19.0',
155 silly addNameRange     '1.20.0',
155 silly addNameRange     '1.20.1',
155 silly addNameRange     '1.21.0',
155 silly addNameRange     '1.21.1',
155 silly addNameRange     '1.21.2',
155 silly addNameRange     '1.21.3',
155 silly addNameRange     '1.21.4',
155 silly addNameRange     '1.21.5',
155 silly addNameRange     '2.0.0',
155 silly addNameRange     '2.0.1',
155 silly addNameRange     '2.1.0',
155 silly addNameRange     '2.2.0',
155 silly addNameRange     '2.2.1',
155 silly addNameRange     '2.2.3',
155 silly addNameRange     '2.2.4',
155 silly addNameRange     '2.2.5',
155 silly addNameRange     '2.3.0',
155 silly addNameRange     '2.3.1',
155 silly addNameRange     ... 26 more items ] ]
156 silly addNamed mocha@2.5.3
157 verbose addNamed "2.5.3" is a plain semver version for mocha
158 verbose afterAdd /Users/mortenjust/.npm/typescript/2.4.2/package/package.json written
159 silly cache afterAdd mocha@2.5.3
160 verbose afterAdd /Users/mortenjust/.npm/mocha/2.5.3/package/package.json not in flight; writing
161 verbose correctMkdir /Users/mortenjust/.npm correctMkdir not in flight; initializing
162 silly resolveWithNewModule @types/mocha@2.2.41 checking installable status
163 silly cache add args [ '@types/mocha@^2.2.32', null ]
164 verbose cache add spec @types/mocha@^2.2.32
165 silly cache add parsed spec Result {
165 silly cache add   raw: '@types/mocha@^2.2.32',
165 silly cache add   scope: '@types',
165 silly cache add   escapedName: '@types%2fmocha',
165 silly cache add   name: '@types/mocha',
165 silly cache add   rawSpec: '^2.2.32',
165 silly cache add   spec: '>=2.2.32 <3.0.0',
165 silly cache add   type: 'range' }
166 silly addNamed @types/mocha@>=2.2.32 <3.0.0
167 verbose addNamed ">=2.2.32 <3.0.0" is a valid semver range for @types/mocha
168 silly addNameRange { name: '@types/mocha',
168 silly addNameRange   range: '>=2.2.32 <3.0.0',
168 silly addNameRange   hasData: false }
169 silly mapToRegistry name @types/mocha
170 silly mapToRegistry scope (from package name) @types
171 verbose mapToRegistry no registry URL found in name for scope @types
172 silly mapToRegistry using default registry
173 silly mapToRegistry registry https://registry.npmjs.org/
174 silly mapToRegistry data Result {
174 silly mapToRegistry   raw: '@types/mocha',
174 silly mapToRegistry   scope: '@types',
174 silly mapToRegistry   escapedName: '@types%2fmocha',
174 silly mapToRegistry   name: '@types/mocha',
174 silly mapToRegistry   rawSpec: '',
174 silly mapToRegistry   spec: 'latest',
174 silly mapToRegistry   type: 'tag' }
175 silly mapToRegistry uri https://registry.npmjs.org/@types%2fmocha
176 verbose addNameRange registry:https://registry.npmjs.org/@types%2fmocha not in flight; fetching
177 silly resolveWithNewModule @types/node@6.0.85 checking installable status
178 silly cache add args [ '@types/node@^6.0.40', null ]
179 verbose cache add spec @types/node@^6.0.40
180 silly cache add parsed spec Result {
180 silly cache add   raw: '@types/node@^6.0.40',
180 silly cache add   scope: '@types',
180 silly cache add   escapedName: '@types%2fnode',
180 silly cache add   name: '@types/node',
180 silly cache add   rawSpec: '^6.0.40',
180 silly cache add   spec: '>=6.0.40 <7.0.0',
180 silly cache add   type: 'range' }
181 silly addNamed @types/node@>=6.0.40 <7.0.0
182 verbose addNamed ">=6.0.40 <7.0.0" is a valid semver range for @types/node
183 silly addNameRange { name: '@types/node', range: '>=6.0.40 <7.0.0', hasData: false }
184 silly mapToRegistry name @types/node
185 silly mapToRegistry scope (from package name) @types
186 verbose mapToRegistry no registry URL found in name for scope @types
187 silly mapToRegistry using default registry
188 silly mapToRegistry registry https://registry.npmjs.org/
189 silly mapToRegistry data Result {
189 silly mapToRegistry   raw: '@types/node',
189 silly mapToRegistry   scope: '@types',
189 silly mapToRegistry   escapedName: '@types%2fnode',
189 silly mapToRegistry   name: '@types/node',
189 silly mapToRegistry   rawSpec: '',
189 silly mapToRegistry   spec: 'latest',
189 silly mapToRegistry   type: 'tag' }
190 silly mapToRegistry uri https://registry.npmjs.org/@types%2fnode
191 verbose addNameRange registry:https://registry.npmjs.org/@types%2fnode not in flight; fetching
192 http 200 https://registry.npmjs.org/vscode
193 verbose headers { server: 'nginx/1.10.1',
193 verbose headers   'content-type': 'application/json',
193 verbose headers   'last-modified': 'Thu, 13 Jul 2017 04:55:02 GMT',
193 verbose headers   etag: 'W/"5966fd26-20a7e"',
193 verbose headers   'content-encoding': 'gzip',
193 verbose headers   'cache-control': 'max-age=300',
193 verbose headers   'content-length': '11568',
193 verbose headers   'accept-ranges': 'bytes',
193 verbose headers   date: 'Sat, 05 Aug 2017 05:48:15 GMT',
193 verbose headers   via: '1.1 varnish',
193 verbose headers   age: '202',
193 verbose headers   connection: 'keep-alive',
193 verbose headers   'x-served-by': 'cache-sjc3134-SJC',
193 verbose headers   'x-cache': 'HIT',
193 verbose headers   'x-cache-hits': '1',
193 verbose headers   'x-timer': 'S1501912096.968050,VS0,VE1',
193 verbose headers   vary: 'Accept-Encoding, Accept' }
194 silly get cb [ 200,
194 silly get   { server: 'nginx/1.10.1',
194 silly get     'content-type': 'application/json',
194 silly get     'last-modified': 'Thu, 13 Jul 2017 04:55:02 GMT',
194 silly get     etag: 'W/"5966fd26-20a7e"',
194 silly get     'content-encoding': 'gzip',
194 silly get     'cache-control': 'max-age=300',
194 silly get     'content-length': '11568',
194 silly get     'accept-ranges': 'bytes',
194 silly get     date: 'Sat, 05 Aug 2017 05:48:15 GMT',
194 silly get     via: '1.1 varnish',
194 silly get     age: '202',
194 silly get     connection: 'keep-alive',
194 silly get     'x-served-by': 'cache-sjc3134-SJC',
194 silly get     'x-cache': 'HIT',
194 silly get     'x-cache-hits': '1',
194 silly get     'x-timer': 'S1501912096.968050,VS0,VE1',
194 silly get     vary: 'Accept-Encoding, Accept' } ]
195 verbose get saving vscode to /Users/mortenjust/.npm/registry.npmjs.org/vscode/.cache.json
196 verbose correctMkdir /Users/mortenjust/.npm correctMkdir not in flight; initializing
197 verbose get https://registry.npmjs.org/@types%2fmocha not expired, no request
198 silly addNameRange number 2 { name: '@types/mocha', range: '>=2.2.32 <3.0.0', hasData: true }
199 silly addNameRange versions [ '@types/mocha',
199 silly addNameRange   [ '2.2.14-alpha',
199 silly addNameRange     '2.2.15-alpha',
199 silly addNameRange     '2.2.20-alpha',
199 silly addNameRange     '2.2.21-alpha',
199 silly addNameRange     '2.2.22-alpha',
199 silly addNameRange     '2.2.23-alpha',
199 silly addNameRange     '2.2.24-alpha',
199 silly addNameRange     '2.2.25-alpha',
199 silly addNameRange     '2.2.26-alpha',
199 silly addNameRange     '2.2.27',
199 silly addNameRange     '2.2.28',
199 silly addNameRange     '2.2.29',
199 silly addNameRange     '2.2.30',
199 silly addNameRange     '2.2.31',
199 silly addNameRange     '2.2.32',
199 silly addNameRange     '2.2.33',
199 silly addNameRange     '2.2.34',
199 silly addNameRange     '2.2.35',
199 silly addNameRange     '2.2.36',
199 silly addNameRange     '2.2.37',
199 silly addNameRange     '2.2.38',
199 silly addNameRange     '2.2.39',
199 silly addNameRange     '2.2.40',
199 silly addNameRange     '2.2.41' ] ]
200 silly addNamed @types/mocha@2.2.41
201 verbose addNamed "2.2.41" is a plain semver version for @types/mocha
202 verbose get https://registry.npmjs.org/@types%2fnode not expired, no request
203 silly addNameRange number 2 { name: '@types/node', range: '>=6.0.40 <7.0.0', hasData: true }
204 silly addNameRange versions [ '@types/node',
204 silly addNameRange   [ '4.0.15-alpha',
204 silly addNameRange     '4.0.16-alpha',
204 silly addNameRange     '4.0.21-alpha',
204 silly addNameRange     '4.0.22-alpha',
204 silly addNameRange     '4.0.23-alpha',
204 silly addNameRange     '4.0.24-alpha',
204 silly addNameRange     '4.0.25-alpha',
204 silly addNameRange     '4.0.26-alpha',
204 silly addNameRange     '4.0.27-alpha',
204 silly addNameRange     '4.0.28-alpha',
204 silly addNameRange     '4.0.29',
204 silly addNameRange     '4.0.30',
204 silly addNameRange     '6.0.31',
204 silly addNameRange     '6.0.32',
204 silly addNameRange     '6.0.33',
204 silly addNameRange     '6.0.34',
204 silly addNameRange     '6.0.35',
204 silly addNameRange     '6.0.36',
204 silly addNameRange     '6.0.37',
204 silly addNameRange     '6.0.38',
204 silly addNameRange     '6.0.39',
204 silly addNameRange     '6.0.40',
204 silly addNameRange     '6.0.41',
204 silly addNameRange     '6.0.42',
204 silly addNameRange     '6.0.43',
204 silly addNameRange     '6.0.44',
204 silly addNameRange     '6.0.45',
204 silly addNameRange     '6.0.46',
204 silly addNameRange     '6.0.47',
204 silly addNameRange     '6.0.48',
204 silly addNameRange     '6.0.49',
204 silly addNameRange     '6.0.50',
204 silly addNameRange     '6.0.51',
204 silly addNameRange     '0.0.0',
204 silly addNameRange     '0.0.1',
204 silly addNameRange     '0.0.2',
204 silly addNameRange     '0.0.3',
204 silly addNameRange     '6.0.52',
204 silly addNameRange     '6.0.53',
204 silly addNameRange     '6.0.54',
204 silly addNameRange     '6.0.55',
204 silly addNameRange     '6.0.56',
204 silly addNameRange     '6.0.57',
204 silly addNameRange     '6.0.58',
204 silly addNameRange     '6.0.59',
204 silly addNameRange     '4.2.0',
204 silly addNameRange     '0.12.0',
204 silly addNameRange     '7.0.0',
204 silly addNameRange     '6.0.60',
204 silly addNameRange     '7.0.1',
204 silly addNameRange     '6.0.61',
204 silly addNameRange     '7.0.2',
204 silly addNameRange     '7.0.3',
204 silly addNameRange     '7.0.4',
204 silly addNameRange     '4.2.1',
204 silly addNameRange     '6.0.62',
204 silly addNameRange     '7.0.5',
204 silly addNameRange     '6.0.63',
204 silly addNameRange     '4.2.2',
204 silly addNameRange     '0.12.1',
204 silly addNameRange     '4.2.3',
204 silly addNameRange     '6.0.64',
204 silly addNameRange     '7.0.6',
204 silly addNameRange     '6.0.65',
204 silly addNameRange     '7.0.7',
204 silly addNameRange     '7.0.8',
204 silly addNameRange     '4.2.4',
204 silly addNameRange     '0.12.2',
204 silly addNameRange     '6.0.66',
204 silly addNameRange     '7.0.9',
204 silly addNameRange     '7.0.10',
204 silly addNameRange     '7.0.11',
204 silly addNameRange     '6.0.67',
204 silly addNameRange     '6.0.68',
204 silly addNameRange     '7.0.12',
204 silly addNameRange     '4.2.5',
204 silly addNameRange     '0.12.3',
204 silly addNameRange     '6.0.69',
204 silly addNameRange     '0.12.4',
204 silly addNameRange     '4.2.6',
204 silly addNameRange     '6.0.70',
204 silly addNameRange     '7.0.13',
204 silly addNameRange     '7.0.14',
204 silly addNameRange     '6.0.71',
204 silly addNameRange     '7.0.15',
204 silly addNameRange     '4.2.7',
204 silly addNameRange     '6.0.72',
204 silly addNameRange     '7.0.16',
204 silly addNameRange     '7.0.17',
204 silly addNameRange     '7.0.18',
204 silly addNameRange     '4.2.8',
204 silly addNameRange     '6.0.73',
204 silly addNameRange     '7.0.19',
204 silly addNameRange     '7.0.20',
204 silly addNameRange     '7.0.21',
204 silly addNameRange     '7.0.22',
204 silly addNameRange     '6.0.74',
204 silly addNameRange     '7.0.23',
204 silly addNameRange     '7.0.24',
204 silly addNameRange     '6.0.75',
204 silly addNameRange     ... 57 more items ] ]
205 silly addNamed @types/node@6.0.85
206 verbose addNamed "6.0.85" is a plain semver version for @types/node
207 verbose afterAdd /Users/mortenjust/.npm/mocha/2.5.3/package/package.json written
208 silly cache afterAdd @types/mocha@2.2.41
209 verbose afterAdd /Users/mortenjust/.npm/@types/mocha/2.2.41/package/package.json not in flight; writing
210 verbose correctMkdir /Users/mortenjust/.npm correctMkdir not in flight; initializing
211 silly cache afterAdd @types/node@6.0.85
212 verbose afterAdd /Users/mortenjust/.npm/@types/node/6.0.85/package/package.json not in flight; writing
213 verbose correctMkdir /Users/mortenjust/.npm correctMkdir not in flight; initializing
214 silly fetchPackageMetaData Error: No compatible version found: vscode@^1.5.0
214 silly fetchPackageMetaData Valid install targets:
214 silly fetchPackageMetaData 1.1.4, 1.1.3, 1.1.2, 1.1.1, 1.1.0, 1.0.6, 1.0.5, 1.0.4, 1.0.3, 1.0.2, 1.0.1, 1.0.0, 1.0.0-beta.2, 1.0.0-beta.1, 0.11.18, 0.11.17, 0.11.16, 0.11.15, 0.11.14, 0.11.13, 0.11.12, 0.11.11, 0.11.10, 0.11.9, 0.11.8, 0.11.7, 0.11.6, 0.11.5, 0.11.4, 0.11.3, 0.11.2, 0.11.1, 0.11.0, 0.10.7, 0.10.7-pre.3, 0.10.7-pre.2, 0.10.7-pre.1, 0.10.6, 0.10.5, 0.10.4, 0.10.3, 0.10.2, 0.10.1, 0.10.0, 0.10.0-pre.28, 0.10.0-pre.27, 0.10.0-pre.26, 0.10.0-pre.24, 0.10.0-pre.23, 0.10.0-pre.22, 0.10.0-pre.21, 0.10.0-pre.20, 0.10.0-pre.19, 0.10.0-pre.18, 0.10.0-pre.17, 0.10.0-pre.16, 0.10.0-pre.15, 0.10.0-pre.14, 0.10.0-pre.13, 0.10.0-pre.12, 0.10.0-pre.11, 0.10.0-pre.10, 0.10.0-pre.9, 0.10.0-pre.8, 0.10.0-pre.7, 0.10.0-pre.6, 0.10.0-pre.5, 0.10.0-pre.4, 0.10.0-pre.3, 0.10.0-pre.2, 0.10.0-pre.1, 0.9.9, 0.9.8, 0.9.7, 0.9.6, 0.9.5, 0.9.4, 0.9.3, 0.9.2, 0.9.1, 0.9.0, 0.9.0-pre.13, 0.9.0-pre.12, 0.9.0-pre.11, 0.9.0-pre.10, 0.9.0-pre.9, 0.9.0-pre.8, 0.9.0-pre.7, 0.9.0-pre.6, 0.9.0-pre.5, 0.9.0-pre.4, 0.9.0-pre.3, 0.9.0-pre.2, 0.9.0-pre.1, 0.8.0
214 silly fetchPackageMetaData
214 silly fetchPackageMetaData     at pickVersionFromRegistryDocument (/usr/local/lib/node_modules/npm/lib/fetch-package-metadata.js:178:16)
214 silly fetchPackageMetaData     at /usr/local/lib/node_modules/npm/node_modules/iferr/index.js:13:50
214 silly fetchPackageMetaData     at /usr/local/lib/node_modules/npm/lib/utils/pulse-till-done.js:20:8
214 silly fetchPackageMetaData     at saved (/usr/local/lib/node_modules/npm/lib/cache/caching-client.js:174:7)
214 silly fetchPackageMetaData     at /usr/local/lib/node_modules/npm/node_modules/graceful-fs/polyfills.js:241:18
214 silly fetchPackageMetaData     at FSReqWrap.oncomplete (fs.js:123:15)
214 silly fetchPackageMetaData  error for vscode@^1.5.0 { Error: No compatible version found: vscode@^1.5.0
214 silly fetchPackageMetaData Valid install targets:
214 silly fetchPackageMetaData 1.1.4, 1.1.3, 1.1.2, 1.1.1, 1.1.0, 1.0.6, 1.0.5, 1.0.4, 1.0.3, 1.0.2, 1.0.1, 1.0.0, 1.0.0-beta.2, 1.0.0-beta.1, 0.11.18, 0.11.17, 0.11.16, 0.11.15, 0.11.14, 0.11.13, 0.11.12, 0.11.11, 0.11.10, 0.11.9, 0.11.8, 0.11.7, 0.11.6, 0.11.5, 0.11.4, 0.11.3, 0.11.2, 0.11.1, 0.11.0, 0.10.7, 0.10.7-pre.3, 0.10.7-pre.2, 0.10.7-pre.1, 0.10.6, 0.10.5, 0.10.4, 0.10.3, 0.10.2, 0.10.1, 0.10.0, 0.10.0-pre.28, 0.10.0-pre.27, 0.10.0-pre.26, 0.10.0-pre.24, 0.10.0-pre.23, 0.10.0-pre.22, 0.10.0-pre.21, 0.10.0-pre.20, 0.10.0-pre.19, 0.10.0-pre.18, 0.10.0-pre.17, 0.10.0-pre.16, 0.10.0-pre.15, 0.10.0-pre.14, 0.10.0-pre.13, 0.10.0-pre.12, 0.10.0-pre.11, 0.10.0-pre.10, 0.10.0-pre.9, 0.10.0-pre.8, 0.10.0-pre.7, 0.10.0-pre.6, 0.10.0-pre.5, 0.10.0-pre.4, 0.10.0-pre.3, 0.10.0-pre.2, 0.10.0-pre.1, 0.9.9, 0.9.8, 0.9.7, 0.9.6, 0.9.5, 0.9.4, 0.9.3, 0.9.2, 0.9.1, 0.9.0, 0.9.0-pre.13, 0.9.0-pre.12, 0.9.0-pre.11, 0.9.0-pre.10, 0.9.0-pre.9, 0.9.0-pre.8, 0.9.0-pre.7, 0.9.0-pre.6, 0.9.0-pre.5, 0.9.0-pre.4, 0.9.0-pre.3, 0.9.0-pre.2, 0.9.0-pre.1, 0.8.0
214 silly fetchPackageMetaData
214 silly fetchPackageMetaData     at pickVersionFromRegistryDocument (/usr/local/lib/node_modules/npm/lib/fetch-package-metadata.js:178:16)
214 silly fetchPackageMetaData     at /usr/local/lib/node_modules/npm/node_modules/iferr/index.js:13:50
214 silly fetchPackageMetaData     at /usr/local/lib/node_modules/npm/lib/utils/pulse-till-done.js:20:8
214 silly fetchPackageMetaData     at saved (/usr/local/lib/node_modules/npm/lib/cache/caching-client.js:174:7)
214 silly fetchPackageMetaData     at /usr/local/lib/node_modules/npm/node_modules/graceful-fs/polyfills.js:241:18
214 silly fetchPackageMetaData     at FSReqWrap.oncomplete (fs.js:123:15) code: 'ETARGET' }
215 verbose afterAdd /Users/mortenjust/.npm/@types/mocha/2.2.41/package/package.json written
216 verbose afterAdd /Users/mortenjust/.npm/@types/node/6.0.85/package/package.json written
217 silly rollbackFailedOptional Starting
218 silly rollbackFailedOptional Finishing
219 silly runTopLevelLifecycles Finishing
220 silly install printInstalled
221 verbose stack Error: No compatible version found: vscode@^1.5.0
221 verbose stack Valid install targets:
221 verbose stack 1.1.4, 1.1.3, 1.1.2, 1.1.1, 1.1.0, 1.0.6, 1.0.5, 1.0.4, 1.0.3, 1.0.2, 1.0.1, 1.0.0, 1.0.0-beta.2, 1.0.0-beta.1, 0.11.18, 0.11.17, 0.11.16, 0.11.15, 0.11.14, 0.11.13, 0.11.12, 0.11.11, 0.11.10, 0.11.9, 0.11.8, 0.11.7, 0.11.6, 0.11.5, 0.11.4, 0.11.3, 0.11.2, 0.11.1, 0.11.0, 0.10.7, 0.10.7-pre.3, 0.10.7-pre.2, 0.10.7-pre.1, 0.10.6, 0.10.5, 0.10.4, 0.10.3, 0.10.2, 0.10.1, 0.10.0, 0.10.0-pre.28, 0.10.0-pre.27, 0.10.0-pre.26, 0.10.0-pre.24, 0.10.0-pre.23, 0.10.0-pre.22, 0.10.0-pre.21, 0.10.0-pre.20, 0.10.0-pre.19, 0.10.0-pre.18, 0.10.0-pre.17, 0.10.0-pre.16, 0.10.0-pre.15, 0.10.0-pre.14, 0.10.0-pre.13, 0.10.0-pre.12, 0.10.0-pre.11, 0.10.0-pre.10, 0.10.0-pre.9, 0.10.0-pre.8, 0.10.0-pre.7, 0.10.0-pre.6, 0.10.0-pre.5, 0.10.0-pre.4, 0.10.0-pre.3, 0.10.0-pre.2, 0.10.0-pre.1, 0.9.9, 0.9.8, 0.9.7, 0.9.6, 0.9.5, 0.9.4, 0.9.3, 0.9.2, 0.9.1, 0.9.0, 0.9.0-pre.13, 0.9.0-pre.12, 0.9.0-pre.11, 0.9.0-pre.10, 0.9.0-pre.9, 0.9.0-pre.8, 0.9.0-pre.7, 0.9.0-pre.6, 0.9.0-pre.5, 0.9.0-pre.4, 0.9.0-pre.3, 0.9.0-pre.2, 0.9.0-pre.1, 0.8.0
221 verbose stack
221 verbose stack     at pickVersionFromRegistryDocument (/usr/local/lib/node_modules/npm/lib/fetch-package-metadata.js:178:16)
221 verbose stack     at /usr/local/lib/node_modules/npm/node_modules/iferr/index.js:13:50
221 verbose stack     at /usr/local/lib/node_modules/npm/lib/utils/pulse-till-done.js:20:8
221 verbose stack     at saved (/usr/local/lib/node_modules/npm/lib/cache/caching-client.js:174:7)
221 verbose stack     at /usr/local/lib/node_modules/npm/node_modules/graceful-fs/polyfills.js:241:18
221 verbose stack     at FSReqWrap.oncomplete (fs.js:123:15)
222 verbose cwd /Users/mortenjust/code/markdown-notes
223 error Darwin 16.6.0
224 error argv "/usr/local/bin/node" "/usr/local/bin/npm" "install"
225 error node v6.11.2
226 error npm  v3.10.10
227 error code ETARGET
228 error notarget No compatible version found: vscode@^1.5.0
228 error notarget Valid install targets:
228 error notarget 1.1.4, 1.1.3, 1.1.2, 1.1.1, 1.1.0, 1.0.6, 1.0.5, 1.0.4, 1.0.3, 1.0.2, 1.0.1, 1.0.0, 1.0.0-beta.2, 1.0.0-beta.1, 0.11.18, 0.11.17, 0.11.16, 0.11.15, 0.11.14, 0.11.13, 0.11.12, 0.11.11, 0.11.10, 0.11.9, 0.11.8, 0.11.7, 0.11.6, 0.11.5, 0.11.4, 0.11.3, 0.11.2, 0.11.1, 0.11.0, 0.10.7, 0.10.7-pre.3, 0.10.7-pre.2, 0.10.7-pre.1, 0.10.6, 0.10.5, 0.10.4, 0.10.3, 0.10.2, 0.10.1, 0.10.0, 0.10.0-pre.28, 0.10.0-pre.27, 0.10.0-pre.26, 0.10.0-pre.24, 0.10.0-pre.23, 0.10.0-pre.22, 0.10.0-pre.21, 0.10.0-pre.20, 0.10.0-pre.19, 0.10.0-pre.18, 0.10.0-pre.17, 0.10.0-pre.16, 0.10.0-pre.15, 0.10.0-pre.14, 0.10.0-pre.13, 0.10.0-pre.12, 0.10.0-pre.11, 0.10.0-pre.10, 0.10.0-pre.9, 0.10.0-pre.8, 0.10.0-pre.7, 0.10.0-pre.6, 0.10.0-pre.5, 0.10.0-pre.4, 0.10.0-pre.3, 0.10.0-pre.2, 0.10.0-pre.1, 0.9.9, 0.9.8, 0.9.7, 0.9.6, 0.9.5, 0.9.4, 0.9.3, 0.9.2, 0.9.1, 0.9.0, 0.9.0-pre.13, 0.9.0-pre.12, 0.9.0-pre.11, 0.9.0-pre.10, 0.9.0-pre.9, 0.9.0-pre.8, 0.9.0-pre.7, 0.9.0-pre.6, 0.9.0-pre.5, 0.9.0-pre.4, 0.9.0-pre.3, 0.9.0-pre.2, 0.9.0-pre.1, 0.8.0
229 error notarget This is most likely not a problem with npm itself.
229 error notarget In most cases you or one of your dependencies are requesting
229 error notarget a package version that doesn't exist.
229 error notarget
229 error notarget It was specified as a dependency of 'markdown-notes'
230 verbose exit [ 1, true ]
